Build target 'LED-DEMO'
compiling main.c...
main.c(46): error:  #29: expected an expression
compiling stm32f10x_it.c...
compiling led.c...
compiling systick.c...
systick.c(58): error:  #29: expected an expression
compiling exti.c...
compiling adc.c...
adc.c(54): error:  #20: identifier "g_adc1_converted_value" is undefined
adc.c(43): warning:  #177-D: function "adc1_mode_config" was declared but never referenced
compiling uart.c...
compiling stm32f10x_rcc.c...
compiling stm32f10x_gpio.c...
compiling misc.c...
compiling stm32f10x_exti.c...
compiling stm32f10x_adc.c...
compiling stm32f10x_dma.c...
compiling stm32f10x_usart.c...
compiling system_stm32f10x.c...
Target not created
